2021-08-20 02:14:04,059 ERROR ContextLoader:220 - Context initialization failed
org.springframework.beans.factory.BeanDefinitionStoreException: Invalid bean definition with name 'checkCertificateExpiryTrigger' defined in class path resource [resources/applicationContext-schedule.xml]: Could not resolve placeholder 'polling.certExpiry.default.interval'
	at org.springframework.beans.factory.config.PropertyPlaceholderConfigurer.processProperties(PropertyPlaceholderConfigurer.java:272)
	at org.springframework.beans.factory.config.PropertyResourceConfigurer.postProcessBeanFactory(PropertyResourceConfigurer.java:75)
	at org.springframework.context.support.AbstractApplicationContext.invokeBeanFactoryPostProcessors(AbstractApplicationContext.java:663)
	at org.springframework.context.support.AbstractApplicationContext.invokeBeanFactoryPostProcessors(AbstractApplicationContext.java:638)
	at org.springframework.context.support.AbstractApplicationContext.refresh(AbstractApplicationContext.java:407)
	at org.springframework.web.context.ContextLoader.createWebApplicationContext(ContextLoader.java:276)
	at org.springframework.web.context.ContextLoader.initWebApplicationContext(ContextLoader.java:197)
	at org.springframework.web.context.ContextLoaderListener.contextInitialized(ContextLoaderListener.java:47)
	at io.undertow.servlet.core.ApplicationListeners.contextInitialized(ApplicationListeners.java:187)
	at io.undertow.servlet.core.DeploymentManagerImpl$1.call(DeploymentManagerImpl.java:205)
	at io.undertow.servlet.core.DeploymentManagerImpl$1.call(DeploymentManagerImpl.java:174)
	at io.undertow.servlet.core.ServletRequestContextThreadSetupAction$1.call(ServletRequestContextThreadSetupAction.java:42)
	at io.undertow.servlet.core.ContextClassLoaderSetupAction$1.call(ContextClassLoaderSetupAction.java:43)
	at org.wildfly.extension.undertow.security.SecurityContextThreadSetupAction.lambda$create$0(SecurityContextThreadSetupAction.java:105)
	at org.wildfly.extension.undertow.deployment.UndertowDeploymentInfoService$UndertowThreadSetupAction.lambda$create$0(UndertowDeploymentInfoService.java:1508)
	at org.wildfly.extension.undertow.deployment.UndertowDeploymentInfoService$UndertowThreadSetupAction.lambda$create$0(UndertowDeploymentInfoService.java:1508)
	at org.wildfly.extension.undertow.deployment.UndertowDeploymentInfoService$UndertowThreadSetupAction.lambda$create$0(UndertowDeploymentInfoService.java:1508)
	at org.wildfly.extension.undertow.deployment.UndertowDeploymentInfoService$UndertowThreadSetupAction.lambda$create$0(UndertowDeploymentInfoService.java:1508)
	at io.undertow.servlet.core.DeploymentManagerImpl.deploy(DeploymentManagerImpl.java:239)
	at org.wildfly.extension.undertow.deployment.UndertowDeploymentService.startContext(UndertowDeploymentService.java:99)
	at org.wildfly.extension.undertow.deployment.UndertowDeploymentService$1.run(UndertowDeploymentService.java:81)
	at java.util.concurrent.Executors$RunnableAdapter.call(Executors.java:511)
	at java.util.concurrent.FutureTask.run(FutureTask.java:266)
	at java.util.concurrent.ThreadPoolExecutor.runWorker(ThreadPoolExecutor.java:1149)
	at java.util.concurrent.ThreadPoolExecutor$Worker.run(ThreadPoolExecutor.java:624)
	at java.lang.Thread.run(Thread.java:748)
	at org.jboss.threads.JBossThread.run(JBossThread.java:320)
2021-08-20 02:14:04,066 ERROR fail:2460 - MSC000001: Failed to start service jboss.undertow.deployment.default-server.default-host./emasadmin3
org.jboss.msc.service.StartException in service jboss.undertow.deployment.default-server.default-host./emasadmin3: java.lang.RuntimeException: org.springframework.beans.factory.BeanDefinitionStoreException: Invalid bean definition with name 'checkCertificateExpiryTrigger' defined in class path resource [resources/applicationContext-schedule.xml]: Could not resolve placeholder 'polling.certExpiry.default.interval'
	at org.wildfly.extension.undertow.deployment.UndertowDeploymentService$1.run(UndertowDeploymentService.java:84)
	at java.util.concurrent.Executors$RunnableAdapter.call(Executors.java:511)
	at java.util.concurrent.FutureTask.run(FutureTask.java:266)
	at java.util.concurrent.ThreadPoolExecutor.runWorker(ThreadPoolExecutor.java:1149)
	at java.util.concurrent.ThreadPoolExecutor$Worker.run(ThreadPoolExecutor.java:624)
	at java.lang.Thread.run(Thread.java:748)
	at org.jboss.threads.JBossThread.run(JBossThread.java:320)
Caused by: java.lang.RuntimeException: org.springframework.beans.factory.BeanDefinitionStoreException: Invalid bean definition with name 'checkCertificateExpiryTrigger' defined in class path resource [resources/applicationContext-schedule.xml]: Could not resolve placeholder 'polling.certExpiry.default.interval'
	at io.undertow.servlet.core.DeploymentManagerImpl.deploy(DeploymentManagerImpl.java:241)
	at org.wildfly.extension.undertow.deployment.UndertowDeploymentService.startContext(UndertowDeploymentService.java:99)
	at org.wildfly.extension.undertow.deployment.UndertowDeploymentService$1.run(UndertowDeploymentService.java:81)
	... 6 more
Caused by: org.springframework.beans.factory.BeanDefinitionStoreException: Invalid bean definition with name 'checkCertificateExpiryTrigger' defined in class path resource [resources/applicationContext-schedule.xml]: Could not resolve placeholder 'polling.certExpiry.default.interval'
	at org.springframework.beans.factory.config.PropertyPlaceholderConfigurer.processProperties(PropertyPlaceholderConfigurer.java:272)
	at org.springframework.beans.factory.config.PropertyResourceConfigurer.postProcessBeanFactory(PropertyResourceConfigurer.java:75)
	at org.springframework.context.support.AbstractApplicationContext.invokeBeanFactoryPostProcessors(AbstractApplicationContext.java:663)
	at org.springframework.context.support.AbstractApplicationContext.invokeBeanFactoryPostProcessors(AbstractApplicationContext.java:638)
	at org.springframework.context.support.AbstractApplicationContext.refresh(AbstractApplicationContext.java:407)
	at org.springframework.web.context.ContextLoader.createWebApplicationContext(ContextLoader.java:276)
	at org.springframework.web.context.ContextLoader.initWebApplicationContext(ContextLoader.java:197)
	at org.springframework.web.context.ContextLoaderListener.contextInitialized(ContextLoaderListener.java:47)
	at io.undertow.servlet.core.ApplicationListeners.contextInitialized(ApplicationListeners.java:187)
	at io.undertow.servlet.core.DeploymentManagerImpl$1.call(DeploymentManagerImpl.java:205)
	at io.undertow.servlet.core.DeploymentManagerImpl$1.call(DeploymentManagerImpl.java:174)
	at io.undertow.servlet.core.ServletRequestContextThreadSetupAction$1.call(ServletRequestContextThreadSetupAction.java:42)
	at io.undertow.servlet.core.ContextClassLoaderSetupAction$1.call(ContextClassLoaderSetupAction.java:43)
	at org.wildfly.extension.undertow.security.SecurityContextThreadSetupAction.lambda$create$0(SecurityContextThreadSetupAction.java:105)
	at org.wildfly.extension.undertow.deployment.UndertowDeploymentInfoService$UndertowThreadSetupAction.lambda$create$0(UndertowDeploymentInfoService.java:1508)
	at org.wildfly.extension.undertow.deployment.UndertowDeploymentInfoService$UndertowThreadSetupAction.lambda$create$0(UndertowDeploymentInfoService.java:1508)
	at org.wildfly.extension.undertow.deployment.UndertowDeploymentInfoService$UndertowThreadSetupAction.lambda$create$0(UndertowDeploymentInfoService.java:1508)
	at org.wildfly.extension.undertow.deployment.UndertowDeploymentInfoService$UndertowThreadSetupAction.lambda$create$0(UndertowDeploymentInfoService.java:1508)
	at io.undertow.servlet.core.DeploymentManagerImpl.deploy(DeploymentManagerImpl.java:239)
	... 8 more
2021-08-20 02:14:04,887 ERROR fail:2460 - MSC000001: Failed to start service jboss.undertow.deployment.default-server.default-host./emas3
org.jboss.msc.service.StartException in service jboss.undertow.deployment.default-server.default-host./emas3: java.lang.RuntimeException: org.springframework.beans.factory.BeanInitializationException: Could not load properties; nested exception is java.io.FileNotFoundException: /home/RBI/emAS_configurations/emas3_config/config.properties (No such file or directory)
	at org.wildfly.extension.undertow.deployment.UndertowDeploymentService$1.run(UndertowDeploymentService.java:84)
	at java.util.concurrent.Executors$RunnableAdapter.call(Executors.java:511)
	at java.util.concurrent.FutureTask.run(FutureTask.java:266)
	at java.util.concurrent.ThreadPoolExecutor.runWorker(ThreadPoolExecutor.java:1149)
	at java.util.concurrent.ThreadPoolExecutor$Worker.run(ThreadPoolExecutor.java:624)
	at java.lang.Thread.run(Thread.java:748)
	at org.jboss.threads.JBossThread.run(JBossThread.java:320)
Caused by: java.lang.RuntimeException: org.springframework.beans.factory.BeanInitializationException: Could not load properties; nested exception is java.io.FileNotFoundException: /home/RBI/emAS_configurations/emas3_config/config.properties (No such file or directory)
	at io.undertow.servlet.core.DeploymentManagerImpl.deploy(DeploymentManagerImpl.java:241)
	at org.wildfly.extension.undertow.deployment.UndertowDeploymentService.startContext(UndertowDeploymentService.java:99)
	at org.wildfly.extension.undertow.deployment.UndertowDeploymentService$1.run(UndertowDeploymentService.java:81)
	... 6 more
Caused by: org.springframework.beans.factory.BeanInitializationException: Could not load properties; nested exception is java.io.FileNotFoundException: /home/RBI/emAS_configurations/emas3_config/config.properties (No such file or directory)
	at org.springframework.beans.factory.config.PropertyResourceConfigurer.postProcessBeanFactory(PropertyResourceConfigurer.java:78)
	at org.springframework.context.support.AbstractApplicationContext.invokeBeanFactoryPostProcessors(AbstractApplicationContext.java:663)
	at org.springframework.context.support.AbstractApplicationContext.invokeBeanFactoryPostProcessors(AbstractApplicationContext.java:638)
	at org.springframework.context.support.AbstractApplicationContext.refresh(AbstractApplicationContext.java:407)
	at org.springframework.web.context.ContextLoader.createWebApplicationContext(ContextLoader.java:276)
	at org.springframework.web.context.ContextLoader.initWebApplicationContext(ContextLoader.java:197)
	at org.springframework.web.context.ContextLoaderListener.contextInitialized(ContextLoaderListener.java:47)
	at io.undertow.servlet.core.ApplicationListeners.contextInitialized(ApplicationListeners.java:187)
	at io.undertow.servlet.core.DeploymentManagerImpl$1.call(DeploymentManagerImpl.java:205)
	at io.undertow.servlet.core.DeploymentManagerImpl$1.call(DeploymentManagerImpl.java:174)
	at io.undertow.servlet.core.ServletRequestContextThreadSetupAction$1.call(ServletRequestContextThreadSetupAction.java:42)
	at io.undertow.servlet.core.ContextClassLoaderSetupAction$1.call(ContextClassLoaderSetupAction.java:43)
	at org.wildfly.extension.undertow.security.SecurityContextThreadSetupAction.lambda$create$0(SecurityContextThreadSetupAction.java:105)
	at org.wildfly.extension.undertow.deployment.UndertowDeploymentInfoService$UndertowThreadSetupAction.lambda$create$0(UndertowDeploymentInfoService.java:1508)
	at org.wildfly.extension.undertow.deployment.UndertowDeploymentInfoService$UndertowThreadSetupAction.lambda$create$0(UndertowDeploymentInfoService.java:1508)
	at org.wildfly.extension.undertow.deployment.UndertowDeploymentInfoService$UndertowThreadSetupAction.lambda$create$0(UndertowDeploymentInfoService.java:1508)
	at org.wildfly.extension.undertow.deployment.UndertowDeploymentInfoService$UndertowThreadSetupAction.lambda$create$0(UndertowDeploymentInfoService.java:1508)
	at io.undertow.servlet.core.DeploymentManagerImpl.deploy(DeploymentManagerImpl.java:239)
	... 8 more
Caused by: java.io.FileNotFoundException: /home/RBI/emAS_configurations/emas3_config/config.properties (No such file or directory)
	at java.io.FileInputStream.open0(Native Method)
	at java.io.FileInputStream.open(FileInputStream.java:195)
	at java.io.FileInputStream.<init>(FileInputStream.java:138)
	at java.io.FileInputStream.<init>(FileInputStream.java:93)
	at sun.net.www.protocol.file.FileURLConnection.connect(FileURLConnection.java:90)
	at sun.net.www.protocol.file.FileURLConnection.getInputStream(FileURLConnection.java:188)
	at org.springframework.core.io.UrlResource.getInputStream(UrlResource.java:124)
	at org.springframework.core.io.support.PropertiesLoaderSupport.loadProperties(PropertiesLoaderSupport.java:181)
	at org.springframework.core.io.support.PropertiesLoaderSupport.mergeProperties(PropertiesLoaderSupport.java:161)
	at org.springframework.beans.factory.config.PropertyResourceConfigurer.postProcessBeanFactory(PropertyResourceConfigurer.java:69)
	... 25 more
2021-08-20 02:14:04,899 ERROR management-operation:983 - WFLYCTL0013: Operation ("deploy") failed - address: ([("deployment" => "emasadmin3.war")]) - failure description: {"WFLYCTL0080: Failed services" => {"jboss.undertow.deployment.default-server.default-host./emasadmin3" => "java.lang.RuntimeException: org.springframework.beans.factory.BeanDefinitionStoreException: Invalid bean definition with name 'checkCertificateExpiryTrigger' defined in class path resource [resources/applicationContext-schedule.xml]: Could not resolve placeholder 'polling.certExpiry.default.interval'
    Caused by: java.lang.RuntimeException: org.springframework.beans.factory.BeanDefinitionStoreException: Invalid bean definition with name 'checkCertificateExpiryTrigger' defined in class path resource [resources/applicationContext-schedule.xml]: Could not resolve placeholder 'polling.certExpiry.default.interval'
    Caused by: org.springframework.beans.factory.BeanDefinitionStoreException: Invalid bean definition with name 'checkCertificateExpiryTrigger' defined in class path resource [resources/applicationContext-schedule.xml]: Could not resolve placeholder 'polling.certExpiry.default.interval'"}}
2021-08-20 02:14:04,914 ERROR management-operation:983 - WFLYCTL0013: Operation ("deploy") failed - address: ([("deployment" => "emas3.war")]) - failure description: {"WFLYCTL0080: Failed services" => {"jboss.undertow.deployment.default-server.default-host./emas3" => "java.lang.RuntimeException: org.springframework.beans.factory.BeanInitializationException: Could not load properties; nested exception is java.io.FileNotFoundException: /home/RBI/emAS_configurations/emas3_config/config.properties (No such file or directory)
    Caused by: java.lang.RuntimeException: org.springframework.beans.factory.BeanInitializationException: Could not load properties; nested exception is java.io.FileNotFoundException: /home/RBI/emAS_configurations/emas3_config/config.properties (No such file or directory)
    Caused by: org.springframework.beans.factory.BeanInitializationException: Could not load properties; nested exception is java.io.FileNotFoundException: /home/RBI/emAS_configurations/emas3_config/config.properties (No such file or directory)
    Caused by: java.io.FileNotFoundException: /home/RBI/emAS_configurations/emas3_config/config.properties (No such file or directory)"}}
2021-08-20 02:14:05,134 ERROR as:112 - WFLYSRV0026: WildFly Full 11.0.0.Final (WildFly Core 3.0.8.Final) started (with errors) in 26212ms - Started 1357 of 1647 services (4 services failed or missing dependencies, 403 services are lazy, passive or on-demand)
